Could not install packages due to an EnvironmentError: [Errno 13] Permiso denegado: '/usr/lib/python2.7/site-packages/mccabe.pyc'
Consider using the `--user` option or check the permissions.

You are using pip version 10.0.1, however version 19.3.1 is available.
You should consider upgrading via the 'pip install --upgrade pip' command.
82482c3681ee6e7b57/mccabe-0.6.1-py2.py3-none-any.whl
Requirement already satisfied: configparser; python_version < "3.2" in /usr/lib/python2.7/site-packages (from flake8~=3.2) (4.0.2)
Collecting entrypoints<0.4.0,>=0.3.0 (from flake8~=3.2)
  Downloading https://files.pythonhosted.org/packages/ac/c6/44694103f8c221443ee6b0041f69e2740d89a25641e62fb4f2ee568f2f9c/entrypoints-0.3-py2.py3-none-any.whl
Collecting functools32; python_version < "3.2" (from flake8~=3.2)
  Downloading https://files.pythonhosted.org/packages/c5/60/6ac26ad05857c601308d8fb9e87fa36d0ebf889423f47c3502ef034365db/functools32-3.2.3-2.tar.gz
Collecting typing; python_version < "3.5" (from flake8~=3.2)
  Downloading https://files.pythonhosted.org/packages/22/30/64ca29543375759dc589ade14a6cd36382abf2bec17d67de8481bc9814d7/typing-3.7.4.1-py2-none-any.whl
Collecting pyflakes<2.2.0,>=2.1.0 (from flake8~=3.2)
  Downloading https://files.pythonhosted.org/packages/84/f2/ed0ffb887f8138a8fe5a621b8c0bb9598bfb3989e029f6c6a85ee66628ee/pyflakes-2.1.1-py2.py3-none-any.whl (59kB)
Collecting enum34; python_version < "3.4" (from flake8~=3.2)
  Downloading https://files.pythonhosted.org/packages/c5/db/e56e6b4bbac7c4a06de1c50de6fe1ef3810018ae11732a50f15f62c7d050/enum34-1.1.6-py2-none-any.whl
Collecting pycodestyle<2.6.0,>=2.5.0 (from flake8~=3.2)
  Downloading https://files.pythonhosted.org/packages/0e/0c/04a353e104d2f324f8ee5f4b32012618c1c86dd79e52a433b64fceed511b/pycodestyle-2.5.0-py2.py3-none-any.whl (51kB)
Building wheels for collected packages: functools32
  Running setup.py bdist_wheel for functools32: started
  Running setup.py bdist_wheel for functools32: finished with status 'done'
  Stored in directory: /home/carlos/.cache/pip/wheels/b5/18/32/77a1030457155606ba5e3ec3a8a57132b1a04b1c4f765177b2
Successfully built functools32
Installing collected packages: mccabe, entrypoints, functools32, typing, pyflakes, enum34, pycodestyle, flake8
